<?xml version="1.0" encoding="UTF-8"?>
<testsuite name="com.example.firstproject.service.ArticleServiceTest" tests="10" skipped="0" failures="0" errors="0" timestamp="2023-12-23T08:30:10" hostname="GomCoder-macui-MacBookPro.local" time="0.619">
  <properties/>
  <testcase name="단일 게시글 조회 테스트 실패" classname="com.example.firstproject.service.ArticleServiceTest" time="0.476"/>
  <testcase name="Delete를 실패한 경우" classname="com.example.firstproject.service.ArticleServiceTest" time="0.007"/>
  <testcase name="새 게시글 생성 테스트 실패" classname="com.example.firstproject.service.ArticleServiceTest" time="0.004"/>
  <testcase name="Update를 성공한 경우 1" classname="com.example.firstproject.service.ArticleServiceTest" time="0.016"/>
  <testcase name="단일 게시글 조회 테스트 성공" classname="com.example.firstproject.service.ArticleServiceTest" time="0.003"/>
  <testcase name="전체 게시글 목록 조회 테스트" classname="com.example.firstproject.service.ArticleServiceTest" time="0.066"/>
  <testcase name="Update를 실패한 경우" classname="com.example.firstproject.service.ArticleServiceTest" time="0.006"/>
  <testcase name="Delete를 성공한 경우" classname="com.example.firstproject.service.ArticleServiceTest" time="0.008"/>
  <testcase name="새 게시글 생성 테스트 성공" classname="com.example.firstproject.service.ArticleServiceTest" time="0.019"/>
  <testcase name="Update를 성공한 경우 2" classname="com.example.firstproject.service.ArticleServiceTest" time="0.004"/>
  <system-out><![CDATA[17:30:07.443 [Test worker] INFO org.springframework.test.context.support.AnnotationConfigContextLoaderUtils -- Could not detect default configuration classes for test class [com.example.firstproject.service.ArticleServiceTest]: ArticleServiceTest does not declare any static, non-private, non-final, nested classes annotated with @Configuration.
17:30:07.521 [Test worker] INFO org.springframework.boot.test.context.SpringBootTestContextBootstrapper -- Found @SpringBootConfiguration com.example.firstproject.FirstprojectApplication for test class com.example.firstproject.service.ArticleServiceTest

  .   ____          _            __ _ _
 /\\ / ___'_ __ _ _(_)_ __  __ _ \ \ \ \
( ( )\___ | '_ | '_| | '_ \/ _` | \ \ \ \
 \\/  ___)| |_)| | | | | || (_| |  ) ) ) )
  '  |____| .__|_| |_|_| |_\__, | / / / /
 =========|_|==============|___/=/_/_/_/
 :: Spring Boot ::                (v3.1.0)

2023-12-23T17:30:07.800+09:00  INFO 68370 --- [    Test worker] c.e.f.service.ArticleServiceTest         : Starting ArticleServiceTest using Java 17.0.7 with PID 68370 (started by gomcoder_mac in /Users/gomcoder_mac/Spring3-Board/firstproject)
2023-12-23T17:30:07.802+09:00  INFO 68370 --- [    Test worker] c.e.f.service.ArticleServiceTest         : No active profile set, falling back to 1 default profile: "default"
2023-12-23T17:30:08.227+09:00  INFO 68370 --- [    Test worker] .s.d.r.c.RepositoryConfigurationDelegate : Bootstrapping Spring Data JPA repositories in DEFAULT mode.
2023-12-23T17:30:08.270+09:00  INFO 68370 --- [    Test worker] .s.d.r.c.RepositoryConfigurationDelegate : Finished Spring Data repository scanning in 37 ms. Found 3 JPA repository interfaces.
2023-12-23T17:30:08.531+09:00  INFO 68370 --- [    Test worker] com.zaxxer.hikari.HikariDataSource       : HikariPool-1 - Starting...
2023-12-23T17:30:08.658+09:00  INFO 68370 --- [    Test worker] com.zaxxer.hikari.pool.HikariPool        : HikariPool-1 - Added connection conn0: url=jdbc:h2:mem:testdb user=SA
2023-12-23T17:30:08.660+09:00  INFO 68370 --- [    Test worker] com.zaxxer.hikari.HikariDataSource       : HikariPool-1 - Start completed.
2023-12-23T17:30:08.693+09:00  INFO 68370 --- [    Test worker] o.hibernate.jpa.internal.util.LogHelper  : HHH000204: Processing PersistenceUnitInfo [name: default]
2023-12-23T17:30:08.726+09:00  INFO 68370 --- [    Test worker] org.hibernate.Version                    : HHH000412: Hibernate ORM core version 6.2.2.Final
2023-12-23T17:30:08.728+09:00  INFO 68370 --- [    Test worker] org.hibernate.cfg.Environment            : HHH000406: Using bytecode reflection optimizer
2023-12-23T17:30:08.828+09:00  INFO 68370 --- [    Test worker] o.h.b.i.BytecodeProviderInitiator        : HHH000021: Bytecode provider name : bytebuddy
2023-12-23T17:30:08.917+09:00  INFO 68370 --- [    Test worker] o.s.o.j.p.SpringPersistenceUnitInfo      : No LoadTimeWeaver setup: ignoring JPA class transformer
2023-12-23T17:30:08.949+09:00  INFO 68370 --- [    Test worker] org.hibernate.orm.dialect                : HHH035001: Using dialect: org.hibernate.dialect.H2Dialect, version: 2.1.214
2023-12-23T17:30:09.079+09:00  INFO 68370 --- [    Test worker] o.h.b.i.BytecodeProviderInitiator        : HHH000021: Bytecode provider name : bytebuddy
2023-12-23T17:30:09.500+09:00  INFO 68370 --- [    Test worker] o.h.e.t.j.p.i.JtaPlatformInitiator       : HHH000490: Using JtaPlatform implementation: [org.hibernate.engine.transaction.jta.platform.internal.NoJtaPlatform]
2023-12-23T17:30:09.511+09:00 DEBUG 68370 --- [    Test worker] org.hibernate.SQL                        : 
    drop table if exists article cascade 
2023-12-23T17:30:09.514+09:00 DEBUG 68370 --- [    Test worker] org.hibernate.SQL                        : 
    drop table if exists coffee cascade 
2023-12-23T17:30:09.515+09:00 DEBUG 68370 --- [    Test worker] org.hibernate.SQL                        : 
    drop table if exists member cascade 
2023-12-23T17:30:09.519+09:00 DEBUG 68370 --- [    Test worker] org.hibernate.SQL                        : 
    create table article (
        id bigint generated by default as identity,
        content varchar(255),
        title varchar(255),
        primary key (id)
    )
2023-12-23T17:30:09.525+09:00 DEBUG 68370 --- [    Test worker] org.hibernate.SQL                        : 
    create table coffee (
        id bigint generated by default as identity,
        name varchar(255),
        price varchar(255),
        primary key (id)
    )
2023-12-23T17:30:09.526+09:00 DEBUG 68370 --- [    Test worker] org.hibernate.SQL                        : 
    create table member (
        id bigint generated by default as identity,
        email varchar(255),
        password varchar(255),
        primary key (id)
    )
2023-12-23T17:30:09.529+09:00  INFO 68370 --- [    Test worker] o.h.t.s.i.e.GenerationTargetToDatabase   : HHH000476: Executing script '[injected ScriptSourceInputNonExistentImpl script]'
2023-12-23T17:30:09.530+09:00  INFO 68370 --- [    Test worker] j.LocalContainerEntityManagerFactoryBean : Initialized JPA EntityManagerFactory for persistence unit 'default'
2023-12-23T17:30:09.858+09:00  WARN 68370 --- [    Test worker] JpaBaseConfiguration$JpaWebConfiguration : spring.jpa.open-in-view is enabled by default. Therefore, database queries may be performed during view rendering. Explicitly configure spring.jpa.open-in-view to disable this warning
2023-12-23T17:30:10.090+09:00  INFO 68370 --- [    Test worker] o.s.b.a.h2.H2ConsoleAutoConfiguration    : H2 console available at '/h2-console'. Database available at 'jdbc:h2:mem:testdb'
2023-12-23T17:30:10.150+09:00  INFO 68370 --- [    Test worker] c.e.f.service.ArticleServiceTest         : Started ArticleServiceTest in 2.522 seconds (process running for 3.345)
2023-12-23T17:30:10.608+09:00 DEBUG 68370 --- [    Test worker] org.hibernate.SQL                        : 
    select
        a1_0.id,
        a1_0.content,
        a1_0.title 
    from
        article a1_0 
    where
        a1_0.id=?
2023-12-23T17:30:10.644+09:00 DEBUG 68370 --- [    Test worker] org.hibernate.SQL                        : 
    select
        a1_0.id,
        a1_0.content,
        a1_0.title 
    from
        article a1_0 
    where
        a1_0.id=?
2023-12-23T17:30:10.654+09:00  INFO 68370 --- [    Test worker] c.e.firstproject.service.ArticleService  : id: 1, article: 1
2023-12-23T17:30:10.654+09:00 DEBUG 68370 --- [    Test worker] org.hibernate.SQL                        : 
    select
        a1_0.id,
        a1_0.content,
        a1_0.title 
    from
        article a1_0 
    where
        a1_0.id=?
2023-12-23T17:30:10.665+09:00  INFO 68370 --- [    Test worker] c.e.firstproject.service.ArticleService  : id: 1, article: 1
2023-12-23T17:30:10.672+09:00 DEBUG 68370 --- [    Test worker] org.hibernate.SQL                        : 
    select
        a1_0.id,
        a1_0.content,
        a1_0.title 
    from
        article a1_0 
    where
        a1_0.id=?
2023-12-23T17:30:10.737+09:00 DEBUG 68370 --- [    Test worker] org.hibernate.SQL                        : 
    select
        a1_0.id,
        a1_0.content,
        a1_0.title 
    from
        article a1_0
2023-12-23T17:30:10.743+09:00  INFO 68370 --- [    Test worker] c.e.firstproject.service.ArticleService  : id: -1, article: -1
2023-12-23T17:30:10.744+09:00 DEBUG 68370 --- [    Test worker] org.hibernate.SQL                        : 
    select
        a1_0.id,
        a1_0.content,
        a1_0.title 
    from
        article a1_0 
    where
        a1_0.id=?
2023-12-23T17:30:10.744+09:00  INFO 68370 --- [    Test worker] c.e.firstproject.service.ArticleService  : 잘못된 요청! id: -1, article: -1
2023-12-23T17:30:10.745+09:00  INFO 68370 --- [    Test worker] c.e.firstproject.service.ArticleService  : id: -1, article: -1
2023-12-23T17:30:10.745+09:00 DEBUG 68370 --- [    Test worker] org.hibernate.SQL                        : 
    select
        a1_0.id,
        a1_0.content,
        a1_0.title 
    from
        article a1_0 
    where
        a1_0.id=?
2023-12-23T17:30:10.746+09:00  INFO 68370 --- [    Test worker] c.e.firstproject.service.ArticleService  : 잘못된 요청! id: -1, article: -1
2023-12-23T17:30:10.751+09:00 DEBUG 68370 --- [    Test worker] org.hibernate.SQL                        : 
    select
        a1_0.id,
        a1_0.content,
        a1_0.title 
    from
        article a1_0 
    where
        a1_0.id=?
2023-12-23T17:30:10.768+09:00 DEBUG 68370 --- [    Test worker] org.hibernate.SQL                        : 
    insert 
    into
        article
        (content,title,id) 
    values
        (?,?,default)
2023-12-23T17:30:10.779+09:00  INFO 68370 --- [    Test worker] c.e.firstproject.service.ArticleService  : id: 1, article: 1
2023-12-23T17:30:10.779+09:00 DEBUG 68370 --- [    Test worker] org.hibernate.SQL                        : 
    select
        a1_0.id,
        a1_0.content,
        a1_0.title 
    from
        article a1_0 
    where
        a1_0.id=?
2023-12-23T17:30:10.780+09:00  INFO 68370 --- [    Test worker] c.e.firstproject.service.ArticleService  : id: 1, article: 1
]]></system-out>
  <system-err><![CDATA[]]></system-err>
</testsuite>
