<?xml version="1.0" encoding="UTF-8"?>
<testsuite name="com.example.firstproject.repository.CommentRepositoryTest" tests="1" skipped="0" failures="0" errors="0" timestamp="2024-01-11T08:43:48" hostname="GomCoder-macui-MacBookPro.local" time="0.469">
  <properties/>
  <testcase name="특정 닉네임의 모든 댓글 조회" classname="com.example.firstproject.repository.CommentRepositoryTest" time="0.469"/>
  <system-out><![CDATA[17:43:45.608 [Test worker] INFO org.springframework.test.context.support.AnnotationConfigContextLoaderUtils -- Could not detect default configuration classes for test class [com.example.firstproject.repository.CommentRepositoryTest]: CommentRepositoryTest does not declare any static, non-private, non-final, nested classes annotated with @Configuration.
17:43:45.693 [Test worker] INFO org.springframework.boot.test.context.SpringBootTestContextBootstrapper -- Found @SpringBootConfiguration com.example.firstproject.FirstprojectApplication for test class com.example.firstproject.repository.CommentRepositoryTest

  .   ____          _            __ _ _
 /\\ / ___'_ __ _ _(_)_ __  __ _ \ \ \ \
( ( )\___ | '_ | '_| | '_ \/ _` | \ \ \ \
 \\/  ___)| |_)| | | | | || (_| |  ) ) ) )
  '  |____| .__|_| |_|_| |_\__, | / / / /
 =========|_|==============|___/=/_/_/_/
 :: Spring Boot ::                (v3.1.0)

2024-01-11T17:43:45.954+09:00  INFO 5606 --- [    Test worker] c.e.f.repository.CommentRepositoryTest   : Starting CommentRepositoryTest using Java 17.0.7 with PID 5606 (started by gomcoder_mac in /Users/gomcoder_mac/Spring3-Board/firstproject)
2024-01-11T17:43:45.955+09:00  INFO 5606 --- [    Test worker] c.e.f.repository.CommentRepositoryTest   : No active profile set, falling back to 1 default profile: "default"
2024-01-11T17:43:46.226+09:00  INFO 5606 --- [    Test worker] .s.d.r.c.RepositoryConfigurationDelegate : Bootstrapping Spring Data JPA repositories in DEFAULT mode.
2024-01-11T17:43:46.271+09:00  INFO 5606 --- [    Test worker] .s.d.r.c.RepositoryConfigurationDelegate : Finished Spring Data repository scanning in 38 ms. Found 4 JPA repository interfaces.
2024-01-11T17:43:46.315+09:00  INFO 5606 --- [    Test worker] beddedDataSourceBeanFactoryPostProcessor : Replacing 'dataSource' DataSource bean with embedded version
2024-01-11T17:43:46.420+09:00  INFO 5606 --- [    Test worker] o.s.j.d.e.EmbeddedDatabaseFactory        : Starting embedded database: url='jdbc:h2:mem:1849f542-45ce-4959-8891-4d1c92f4d5b7;DB_CLOSE_DELAY=-1;DB_CLOSE_ON_EXIT=false', username='sa'
2024-01-11T17:43:46.615+09:00  INFO 5606 --- [    Test worker] o.hibernate.jpa.internal.util.LogHelper  : HHH000204: Processing PersistenceUnitInfo [name: default]
2024-01-11T17:43:46.643+09:00  INFO 5606 --- [    Test worker] org.hibernate.Version                    : HHH000412: Hibernate ORM core version 6.2.2.Final
2024-01-11T17:43:46.645+09:00  INFO 5606 --- [    Test worker] org.hibernate.cfg.Environment            : HHH000406: Using bytecode reflection optimizer
2024-01-11T17:43:47.151+09:00  INFO 5606 --- [    Test worker] o.h.b.i.BytecodeProviderInitiator        : HHH000021: Bytecode provider name : bytebuddy
2024-01-11T17:43:47.237+09:00  INFO 5606 --- [    Test worker] o.s.o.j.p.SpringPersistenceUnitInfo      : No LoadTimeWeaver setup: ignoring JPA class transformer
2024-01-11T17:43:47.268+09:00  INFO 5606 --- [    Test worker] org.hibernate.orm.dialect                : HHH035001: Using dialect: org.hibernate.dialect.H2Dialect, version: 2.1.214
2024-01-11T17:43:47.406+09:00  INFO 5606 --- [    Test worker] o.h.b.i.BytecodeProviderInitiator        : HHH000021: Bytecode provider name : bytebuddy
2024-01-11T17:43:47.777+09:00  INFO 5606 --- [    Test worker] o.h.e.t.j.p.i.JtaPlatformInitiator       : HHH000490: Using JtaPlatform implementation: [org.hibernate.engine.transaction.jta.platform.internal.NoJtaPlatform]
2024-01-11T17:43:47.790+09:00 DEBUG 5606 --- [    Test worker] org.hibernate.SQL                        : 
    drop table if exists article cascade 
Hibernate: 
    drop table if exists article cascade 
2024-01-11T17:43:47.793+09:00 DEBUG 5606 --- [    Test worker] org.hibernate.SQL                        : 
    drop table if exists coffee cascade 
Hibernate: 
    drop table if exists coffee cascade 
2024-01-11T17:43:47.793+09:00 DEBUG 5606 --- [    Test worker] org.hibernate.SQL                        : 
    drop table if exists comment cascade 
Hibernate: 
    drop table if exists comment cascade 
2024-01-11T17:43:47.794+09:00 DEBUG 5606 --- [    Test worker] org.hibernate.SQL                        : 
    drop table if exists member cascade 
Hibernate: 
    drop table if exists member cascade 
2024-01-11T17:43:47.797+09:00 DEBUG 5606 --- [    Test worker] org.hibernate.SQL                        : 
    create table article (
        id bigint generated by default as identity,
        content varchar(255),
        title varchar(255),
        primary key (id)
    )
Hibernate: 
    create table article (
        id bigint generated by default as identity,
        content varchar(255),
        title varchar(255),
        primary key (id)
    )
2024-01-11T17:43:47.803+09:00 DEBUG 5606 --- [    Test worker] org.hibernate.SQL                        : 
    create table coffee (
        id bigint generated by default as identity,
        name varchar(255),
        price varchar(255),
        primary key (id)
    )
Hibernate: 
    create table coffee (
        id bigint generated by default as identity,
        name varchar(255),
        price varchar(255),
        primary key (id)
    )
2024-01-11T17:43:47.805+09:00 DEBUG 5606 --- [    Test worker] org.hibernate.SQL                        : 
    create table comment (
        article_id bigint,
        id bigint generated by default as identity,
        body varchar(255),
        nickname varchar(255),
        primary key (id)
    )
Hibernate: 
    create table comment (
        article_id bigint,
        id bigint generated by default as identity,
        body varchar(255),
        nickname varchar(255),
        primary key (id)
    )
2024-01-11T17:43:47.807+09:00 DEBUG 5606 --- [    Test worker] org.hibernate.SQL                        : 
    create table member (
        id bigint generated by default as identity,
        email varchar(255),
        password varchar(255),
        primary key (id)
    )
Hibernate: 
    create table member (
        id bigint generated by default as identity,
        email varchar(255),
        password varchar(255),
        primary key (id)
    )
2024-01-11T17:43:47.810+09:00 DEBUG 5606 --- [    Test worker] org.hibernate.SQL                        : 
    alter table if exists comment 
       add constraint FK5yx0uphgjc6ik6hb82kkw501y 
       foreign key (article_id) 
       references article
Hibernate: 
    alter table if exists comment 
       add constraint FK5yx0uphgjc6ik6hb82kkw501y 
       foreign key (article_id) 
       references article
2024-01-11T17:43:47.818+09:00  INFO 5606 --- [    Test worker] o.h.t.s.i.e.GenerationTargetToDatabase   : HHH000476: Executing script '[injected ScriptSourceInputNonExistentImpl script]'
2024-01-11T17:43:47.820+09:00  INFO 5606 --- [    Test worker] j.LocalContainerEntityManagerFactoryBean : Initialized JPA EntityManagerFactory for persistence unit 'default'
2024-01-11T17:43:48.065+09:00  INFO 5606 --- [    Test worker] o.s.d.j.r.query.QueryEnhancerFactory     : Hibernate is in classpath; If applicable, HQL parser will be used.
2024-01-11T17:43:48.260+09:00  INFO 5606 --- [    Test worker] c.e.f.repository.CommentRepositoryTest   : Started CommentRepositoryTest in 2.517 seconds (process running for 3.292)
2024-01-11T17:43:48.674+09:00 DEBUG 5606 --- [    Test worker] org.hibernate.SQL                        : 
    SELECT
        * 
    FROM
        comment 
    WHERE
        nickname = ?                      
Hibernate: 
    SELECT
        * 
    FROM
        comment 
    WHERE
        nickname = ?                      
2024-01-11T17:43:48.700+09:00 DEBUG 5606 --- [    Test worker] org.hibernate.SQL                        : 
    select
        a1_0.id,
        a1_0.content,
        a1_0.title 
    from
        article a1_0 
    where
        a1_0.id=?
Hibernate: 
    select
        a1_0.id,
        a1_0.content,
        a1_0.title 
    from
        article a1_0 
    where
        a1_0.id=?
2024-01-11T17:43:48.710+09:00 DEBUG 5606 --- [    Test worker] org.hibernate.SQL                        : 
    select
        a1_0.id,
        a1_0.content,
        a1_0.title 
    from
        article a1_0 
    where
        a1_0.id=?
Hibernate: 
    select
        a1_0.id,
        a1_0.content,
        a1_0.title 
    from
        article a1_0 
    where
        a1_0.id=?
2024-01-11T17:43:48.711+09:00 DEBUG 5606 --- [    Test worker] org.hibernate.SQL                        : 
    select
        a1_0.id,
        a1_0.content,
        a1_0.title 
    from
        article a1_0 
    where
        a1_0.id=?
Hibernate: 
    select
        a1_0.id,
        a1_0.content,
        a1_0.title 
    from
        article a1_0 
    where
        a1_0.id=?
2024-01-11T17:43:48.723+09:00 DEBUG 5606 --- [    Test worker] org.hibernate.SQL                        : 
    SELECT
        * 
    FROM
        comment 
    WHERE
        nickname = ?                      
Hibernate: 
    SELECT
        * 
    FROM
        comment 
    WHERE
        nickname = ?                      
2024-01-11T17:43:48.726+09:00 DEBUG 5606 --- [    Test worker] org.hibernate.SQL                        : 
    SELECT
        * 
    FROM
        comment 
    WHERE
        nickname = ?                      
Hibernate: 
    SELECT
        * 
    FROM
        comment 
    WHERE
        nickname = ?                      
2024-01-11T17:43:48.728+09:00 DEBUG 5606 --- [    Test worker] org.hibernate.SQL                        : 
    SELECT
        * 
    FROM
        comment 
    WHERE
        nickname = ?                      
Hibernate: 
    SELECT
        * 
    FROM
        comment 
    WHERE
        nickname = ?                      
]]></system-out>
  <system-err><![CDATA[]]></system-err>
</testsuite>
